Build started 2014-11-04 오후 3:20:26.
     1>Project "C:\Users\solution\Documents\GitHub\8-puzzle\8-puzzle\8-puzzle.vcxproj" on node 2 (build target(s)).
     1>InitializeBuildStatus:
         Creating "Debug\8-puzzle.unsuccessfulbuild" because "AlwaysCreate" was specified.
       ClCompile:
         All outputs are up-to-date.
       ManifestResourceCompile:
         All outputs are up-to-date.
       Link:
         C:\Program Files (x86)\Microsoft Visual Studio 10.0\VC\bin\link.exe /ERRORREPORT:PROMPT /OUT:"C:\Users\solution\Documents\GitHub\8-puzzle\Debug\8-puzzle.exe" /INCREMENTAL /NOLOGO kernel32.lib user32.lib gdi32.lib winspool.lib comdlg32.lib advapi32.lib shell32.lib ole32.lib oleaut32.lib uuid.lib odbc32.lib odbccp32.lib /MANIFEST /ManifestFile:"Debug\8-puzzle.exe.intermediate.manifest" /MANIFESTUAC:"level='asInvoker' uiAccess='false'" /DEBUG /PDB:"C:\Users\solution\Documents\GitHub\8-puzzle\Debug\8-puzzle.pdb" /SUBSYSTEM:CONSOLE /TLBID:1 /DYNAMICBASE /NXCOMPAT /IMPLIB:"C:\Users\solution\Documents\GitHub\8-puzzle\Debug\8-puzzle.lib" /MACHINE:X86 "Debug\8-puzzle.exe.embed.manifest.res"
         "Debug\8-puzzle.obj"
       Manifest:
         C:\Program Files (x86)\Microsoft SDKs\Windows\v7.0A\bin\mt.exe /nologo /verbose /out:"Debug\8-puzzle.exe.embed.manifest" /manifest "Debug\8-puzzle.exe.intermediate.manifest"
         All outputs are up-to-date.
       LinkEmbedManifest:
         All outputs are up-to-date.
         8-puzzle.vcxproj -> C:\Users\solution\Documents\GitHub\8-puzzle\Debug\8-puzzle.exe
       FinalizeBuildStatus:
         Deleting file "Debug\8-puzzle.unsuccessfulbuild".
         Touching "Debug\8-puzzle.lastbuildstate".
     1>Done Building Project "C:\Users\solution\Documents\GitHub\8-puzzle\8-puzzle\8-puzzle.vcxproj" (build target(s)).

Build succeeded.

Time Elapsed 00:00:01.40
